<?xml version="1.0" encoding="UTF-8"?>
<coverage generated="1624144132314" clover="3.2.0">
  <project timestamp="1624144132314" name="All files">
    <metrics statements="107" coveredstatements="105" conditionals="66" coveredconditionals="52" methods="36" coveredmethods="36" elements="209" coveredelements="193" complexity="0" loc="107" ncloc="107" packages="1" files="7" classes="7"/>
    <file name="binding.ts" path="/home/maciej/WebstormProjects/injectable-js/src/binding.ts">
      <metrics statements="13" coveredstatements="13" conditionals="2" coveredconditionals="2" methods="6" coveredmethods="6"/>
      <line num="1" count="5" type="stmt"/>
      <line num="10" count="5" type="stmt"/>
      <line num="12" count="7" type="stmt"/>
      <line num="15" count="17" type="stmt"/>
      <line num="18" count="5" type="stmt"/>
      <line num="20" count="6" type="stmt"/>
      <line num="24" count="4" type="stmt"/>
      <line num="25" count="4" type="stmt"/>
      <line num="29" count="5" type="stmt"/>
      <line num="33" count="6" type="cond" truecount="2" falsecount="0"/>
      <line num="34" count="3" type="stmt"/>
      <line num="38" count="3" type="stmt"/>
      <line num="39" count="3" type="stmt"/>
    </file>
    <file name="bindingKey.ts" path="/home/maciej/WebstormProjects/injectable-js/src/bindingKey.ts">
      <metrics statements="12" coveredstatements="12" conditionals="10" coveredconditionals="8" methods="5" coveredmethods="5"/>
      <line num="2" count="5" type="stmt"/>
      <line num="3" count="5" type="stmt"/>
      <line num="5" count="5" type="stmt"/>
      <line num="7" count="8" type="stmt"/>
      <line num="8" count="8" type="stmt"/>
      <line num="9" count="8" type="stmt"/>
      <line num="13" count="6" type="stmt"/>
      <line num="17" count="2" type="cond" truecount="3" falsecount="1"/>
      <line num="21" count="4" type="cond" truecount="3" falsecount="1"/>
      <line num="29" count="113" type="cond" truecount="2" falsecount="0"/>
      <line num="30" count="11" type="stmt"/>
      <line num="32" count="102" type="stmt"/>
    </file>
    <file name="container.ts" path="/home/maciej/WebstormProjects/injectable-js/src/container.ts">
      <metrics statements="45" coveredstatements="44" conditionals="31" coveredconditionals="25" methods="13" coveredmethods="13"/>
      <line num="1" count="5" type="stmt"/>
      <line num="7" count="5" type="stmt"/>
      <line num="13" count="5" type="stmt"/>
      <line num="14" count="5" type="stmt"/>
      <line num="15" count="5" type="stmt"/>
      <line num="17" count="5" type="cond" truecount="2" falsecount="0"/>
      <line num="18" count="5" type="stmt"/>
      <line num="19" count="5" type="stmt"/>
      <line num="20" count="5" type="stmt"/>
      <line num="23" count="5" type="stmt"/>
      <line num="25" count="34" type="stmt"/>
      <line num="26" count="34" type="stmt"/>
      <line num="27" count="5" type="stmt"/>
      <line num="29" count="34" type="stmt"/>
      <line num="42" count="27" type="cond" truecount="2" falsecount="0"/>
      <line num="43" count="3" type="stmt"/>
      <line num="45" count="24" type="stmt"/>
      <line num="48" count="24" type="stmt"/>
      <line num="52" count="22" type="cond" truecount="2" falsecount="0"/>
      <line num="53" count="5" type="stmt"/>
      <line num="54" count="17" type="cond" truecount="2" falsecount="0"/>
      <line num="56" count="17" type="stmt"/>
      <line num="62" count="2" type="cond" truecount="1" falsecount="1"/>
      <line num="63" count="0" type="stmt"/>
      <line num="64" count="2" type="stmt"/>
      <line num="65" count="2" type="cond" truecount="2" falsecount="0"/>
      <line num="67" count="2" type="stmt"/>
      <line num="76" count="9" type="stmt"/>
      <line num="77" count="9" type="stmt"/>
      <line num="78" count="9" type="cond" truecount="1" falsecount="1"/>
      <line num="79" count="9" type="stmt"/>
      <line num="81" count="7" type="stmt"/>
      <line num="84" count="7" type="stmt"/>
      <line num="86" count="2" type="stmt"/>
      <line num="89" count="2" type="stmt"/>
      <line num="92" count="9" type="stmt"/>
      <line num="99" count="18" type="stmt"/>
      <line num="100" count="18" type="stmt"/>
      <line num="104" count="18" type="cond" truecount="2" falsecount="0"/>
      <line num="105" count="9" type="stmt"/>
      <line num="109" count="18" type="stmt"/>
      <line num="113" count="10" type="stmt"/>
      <line num="117" count="11" type="cond" truecount="2" falsecount="0"/>
      <line num="118" count="10" type="stmt"/>
      <line num="124" count="20" type="cond" truecount="4" falsecount="0"/>
    </file>
    <file name="index.ts" path="/home/maciej/WebstormProjects/injectable-js/src/index.ts">
      <metrics statements="6" coveredstatements="6" conditionals="0" coveredconditionals="0" methods="0" coveredmethods="0"/>
      <line num="1" count="5" type="stmt"/>
      <line num="2" count="5" type="stmt"/>
      <line num="3" count="5" type="stmt"/>
      <line num="4" count="5" type="stmt"/>
      <line num="5" count="5" type="stmt"/>
      <line num="6" count="5" type="stmt"/>
    </file>
    <file name="injectParameter.ts" path="/home/maciej/WebstormProjects/injectable-js/src/injectParameter.ts">
      <metrics statements="21" coveredstatements="20" conditionals="12" coveredconditionals="8" methods="8" coveredmethods="8"/>
      <line num="1" count="5" type="stmt"/>
      <line num="2" count="5" type="stmt"/>
      <line num="3" count="5" type="stmt"/>
      <line num="5" count="5" type="stmt"/>
      <line num="12" count="8" type="stmt"/>
      <line num="13" count="8" type="cond" truecount="3" falsecount="1"/>
      <line num="14" count="0" type="stmt"/>
      <line num="15" count="8" type="stmt"/>
      <line num="17" count="8" type="cond" truecount="3" falsecount="1"/>
      <line num="18" count="8" type="stmt"/>
      <line num="24" count="8" type="stmt"/>
      <line num="28" count="5" type="stmt"/>
      <line num="29" count="2" type="stmt"/>
      <line num="32" count="5" type="cond" truecount="1" falsecount="1"/>
      <line num="33" count="5" type="stmt"/>
      <line num="34" count="1" type="stmt"/>
      <line num="37" count="5" type="stmt"/>
      <line num="38" count="4" type="stmt"/>
      <line num="45" count="5" type="cond" truecount="1" falsecount="1"/>
      <line num="46" count="5" type="stmt"/>
      <line num="47" count="1" type="stmt"/>
    </file>
    <file name="injectable.ts" path="/home/maciej/WebstormProjects/injectable-js/src/injectable.ts">
      <metrics statements="7" coveredstatements="7" conditionals="9" coveredconditionals="7" methods="3" coveredmethods="3"/>
      <line num="2" count="5" type="stmt"/>
      <line num="3" count="5" type="stmt"/>
      <line num="6" count="5" type="stmt"/>
      <line num="11" count="1" type="stmt"/>
      <line num="12" count="1" type="cond" truecount="3" falsecount="1"/>
      <line num="13" count="3" type="cond" truecount="3" falsecount="1"/>
      <line num="17" count="1" type="stmt"/>
    </file>
    <file name="types.ts" path="/home/maciej/WebstormProjects/injectable-js/src/types.ts">
      <metrics statements="3" coveredstatements="3" conditionals="2" coveredconditionals="2" methods="1" coveredmethods="1"/>
      <line num="7" count="5" type="cond" truecount="2" falsecount="0"/>
      <line num="8" count="5" type="stmt"/>
      <line num="9" count="5" type="stmt"/>
    </file>
  </project>
</coverage>
