{"/home/maciej/WebstormProjects/injectable-js/src/binding.ts": {"path":"/home/maciej/WebstormProjects/injectable-js/src/binding.ts","statementMap":{"0":{"start":{"line":1,"column":0},"end":{"line":1,"column":42}},"1":{"start":{"line":15,"column":29},"end":{"line":15,"column":47}},"2":{"start":{"line":15,"column":57},"end":{"line":15,"column":66}},"3":{"start":{"line":12,"column":2},"end":{"line":12,"column":21}},"4":{"start":{"line":10,"column":0},"end":{"line":10,"column":13}},"5":{"start":{"line":24,"column":18},"end":{"line":24,"column":36}},"6":{"start":{"line":25,"column":10},"end":{"line":25,"column":38}},"7":{"start":{"line":20,"column":2},"end":{"line":20,"column":52}},"8":{"start":{"line":18,"column":0},"end":{"line":18,"column":13}},"9":{"start":{"line":38,"column":18},"end":{"line":38,"column":36}},"10":{"start":{"line":39,"column":10},"end":{"line":39,"column":38}},"11":{"start":{"line":33,"column":2},"end":{"line":33,"column":44}},"12":{"start":{"line":33,"column":22},"end":{"line":33,"column":44}},"13":{"start":{"line":34,"column":2},"end":{"line":34,"column":71}},"14":{"start":{"line":29,"column":0},"end":{"line":29,"column":13}}},"fnMap":{"0":{"name":"(anonymous_0)","decl":{"start":{"line":15,"column":1},"end":{"line":15,"column":29}},"loc":{"start":{"line":15,"column":66},"end":{"line":15,"column":70}}},"1":{"name":"(anonymous_1)","decl":{"start":{"line":11,"column":1},"end":{"line":11,"column":5}},"loc":{"start":{"line":11,"column":10},"end":{"line":13,"column":2}}},"2":{"name":"(anonymous_2)","decl":{"start":{"line":23,"column":1},"end":{"line":23,"column":null}},"loc":{"start":{"line":25,"column":38},"end":{"line":26,"column":5}}},"3":{"name":"(anonymous_3)","decl":{"start":{"line":19,"column":1},"end":{"line":19,"column":5}},"loc":{"start":{"line":19,"column":10},"end":{"line":21,"column":2}}},"4":{"name":"(anonymous_4)","decl":{"start":{"line":37,"column":1},"end":{"line":37,"column":null}},"loc":{"start":{"line":39,"column":38},"end":{"line":40,"column":5}}},"5":{"name":"(anonymous_5)","decl":{"start":{"line":32,"column":1},"end":{"line":32,"column":5}},"loc":{"start":{"line":32,"column":10},"end":{"line":35,"column":2}}}},"branchMap":{"0":{"loc":{"start":{"line":33,"column":2},"end":{"line":33,"column":44}},"type":"if","locations":[{"start":{"line":33,"column":2},"end":{"line":33,"column":44}},{"start":{"line":33,"column":2},"end":{"line":33,"column":44}}]}},"s":{"0":5,"1":17,"2":17,"3":7,"4":5,"5":4,"6":4,"7":6,"8":5,"9":3,"10":3,"11":6,"12":3,"13":3,"14":5},"f":{"0":17,"1":7,"2":4,"3":6,"4":3,"5":6},"b":{"0":[3,3]}}
,"/home/maciej/WebstormProjects/injectable-js/src/bindingKey.ts": {"path":"/home/maciej/WebstormProjects/injectable-js/src/bindingKey.ts","statementMap":{"0":{"start":{"line":2,"column":0},"end":{"line":2,"column":59}},"1":{"start":{"line":3,"column":0},"end":{"line":3,"column":61}},"2":{"start":{"line":7,"column":18},"end":{"line":7,"column":36}},"3":{"start":{"line":8,"column":10},"end":{"line":8,"column":36}},"4":{"start":{"line":9,"column":18},"end":{"line":9,"column":59}},"5":{"start":{"line":13,"column":2},"end":{"line":13,"column":57}},"6":{"start":{"line":17,"column":2},"end":{"line":17,"column":66}},"7":{"start":{"line":21,"column":2},"end":{"line":25,"column":4}},"8":{"start":{"line":29,"column":2},"end":{"line":31,"column":null}},"9":{"start":{"line":30,"column":3},"end":{"line":30,"column":40}},"10":{"start":{"line":32,"column":2},"end":{"line":32,"column":13}},"11":{"start":{"line":5,"column":0},"end":{"line":5,"column":13}}},"fnMap":{"0":{"name":"(anonymous_0)","decl":{"start":{"line":6,"column":1},"end":{"line":6,"column":null}},"loc":{"start":{"line":9,"column":59},"end":{"line":10,"column":5}}},"1":{"name":"(anonymous_1)","decl":{"start":{"line":12,"column":1},"end":{"line":12,"column":13}},"loc":{"start":{"line":12,"column":38},"end":{"line":14,"column":2}}},"2":{"name":"(anonymous_2)","decl":{"start":{"line":16,"column":1},"end":{"line":16,"column":5}},"loc":{"start":{"line":16,"column":10},"end":{"line":18,"column":2}}},"3":{"name":"(anonymous_3)","decl":{"start":{"line":20,"column":1},"end":{"line":20,"column":5}},"loc":{"start":{"line":20,"column":19},"end":{"line":26,"column":2}}},"4":{"name":"(anonymous_4)","decl":{"start":{"line":28,"column":1},"end":{"line":28,"column":7}},"loc":{"start":{"line":28,"column":33},"end":{"line":33,"column":2}}}},"branchMap":{"0":{"loc":{"start":{"line":17,"column":43},"end":{"line":17,"column":45}},"type":"cond-expr","locations":[{"start":{"line":17,"column":43},"end":{"line":17,"column":45}},{"start":{"line":17,"column":43},"end":{"line":17,"column":65}}]},"1":{"loc":{"start":{"line":17,"column":9},"end":{"line":17,"column":45}},"type":"binary-expr","locations":[{"start":{"line":17,"column":9},"end":{"line":17,"column":45}},{"start":{"line":17,"column":43},"end":{"line":17,"column":45}}]},"2":{"loc":{"start":{"line":21,"column":36},"end":{"line":21,"column":38}},"type":"cond-expr","locations":[{"start":{"line":21,"column":36},"end":{"line":21,"column":38}},{"start":{"line":21,"column":36},"end":{"line":24,"column":null}}]},"3":{"loc":{"start":{"line":21,"column":2},"end":{"line":21,"column":38}},"type":"binary-expr","locations":[{"start":{"line":21,"column":2},"end":{"line":21,"column":38}},{"start":{"line":21,"column":36},"end":{"line":21,"column":38}}]},"4":{"loc":{"start":{"line":29,"column":2},"end":{"line":31,"column":null}},"type":"if","locations":[{"start":{"line":29,"column":2},"end":{"line":31,"column":null}},{"start":{"line":29,"column":2},"end":{"line":31,"column":null}}]}},"s":{"0":5,"1":5,"2":8,"3":8,"4":8,"5":6,"6":2,"7":4,"8":113,"9":11,"10":102,"11":5},"f":{"0":8,"1":6,"2":2,"3":4,"4":113},"b":{"0":[0,2],"1":[2,2],"2":[0,4],"3":[4,4],"4":[11,102]}}
,"/home/maciej/WebstormProjects/injectable-js/src/container.ts": {"path":"/home/maciej/WebstormProjects/injectable-js/src/container.ts","statementMap":{"0":{"start":{"line":1,"column":0},"end":{"line":1,"column":null}},"1":{"start":{"line":7,"column":0},"end":{"line":7,"column":null}},"2":{"start":{"line":13,"column":0},"end":{"line":13,"column":26}},"3":{"start":{"line":14,"column":0},"end":{"line":14,"column":61}},"4":{"start":{"line":15,"column":0},"end":{"line":15,"column":61}},"5":{"start":{"line":17,"column":0},"end":{"line":17,"column":null}},"6":{"start":{"line":18,"column":1},"end":{"line":18,"column":null}},"7":{"start":{"line":19,"column":1},"end":{"line":19,"column":null}},"8":{"start":{"line":20,"column":1},"end":{"line":20,"column":null}},"9":{"start":{"line":25,"column":9},"end":{"line":25,"column":40}},"10":{"start":{"line":26,"column":9},"end":{"line":26,"column":44}},"11":{"start":{"line":29,"column":18},"end":{"line":35,"column":3}},"12":{"start":{"line":42,"column":2},"end":{"line":43,"column":40}},"13":{"start":{"line":43,"column":3},"end":{"line":43,"column":40}},"14":{"start":{"line":45,"column":2},"end":{"line":47,"column":4}},"15":{"start":{"line":48,"column":2},"end":{"line":48,"column":51}},"16":{"start":{"line":52,"column":2},"end":{"line":53,"column":36}},"17":{"start":{"line":53,"column":3},"end":{"line":53,"column":36}},"18":{"start":{"line":54,"column":2},"end":{"line":58,"column":11}},"19":{"start":{"line":56,"column":4},"end":{"line":57,"column":36}},"20":{"start":{"line":62,"column":2},"end":{"line":63,"column":36}},"21":{"start":{"line":63,"column":3},"end":{"line":63,"column":36}},"22":{"start":{"line":64,"column":2},"end":{"line":69,"column":12}},"23":{"start":{"line":65,"column":3},"end":{"line":69,"column":12}},"24":{"start":{"line":67,"column":5},"end":{"line":68,"column":37}},"25":{"start":{"line":76,"column":2},"end":{"line":91,"column":null}},"26":{"start":{"line":77,"column":21},"end":{"line":77,"column":70}},"27":{"start":{"line":78,"column":3},"end":{"line":78,"column":28}},"28":{"start":{"line":78,"column":19},"end":{"line":78,"column":28}},"29":{"start":{"line":79,"column":3},"end":{"line":90,"column":null}},"30":{"start":{"line":81,"column":5},"end":{"line":83,"column":7}},"31":{"start":{"line":84,"column":5},"end":{"line":84,"column":11}},"32":{"start":{"line":86,"column":5},"end":{"line":88,"column":51}},"33":{"start":{"line":89,"column":5},"end":{"line":89,"column":11}},"34":{"start":{"line":92,"column":2},"end":{"line":92,"column":26}},"35":{"start":{"line":99,"column":21},"end":{"line":99,"column":45}},"36":{"start":{"line":100,"column":52},"end":{"line":102,"column":null}},"37":{"start":{"line":104,"column":2},"end":{"line":108,"column":5}},"38":{"start":{"line":105,"column":3},"end":{"line":108,"column":5}},"39":{"start":{"line":109,"column":2},"end":{"line":109,"column":38}},"40":{"start":{"line":113,"column":2},"end":{"line":113,"column":35}},"41":{"start":{"line":117,"column":2},"end":{"line":117,"column":73}},"42":{"start":{"line":117,"column":30},"end":{"line":117,"column":73}},"43":{"start":{"line":118,"column":2},"end":{"line":118,"column":31}},"44":{"start":{"line":124,"column":2},"end":{"line":124,"column":46}},"45":{"start":{"line":23,"column":0},"end":{"line":23,"column":13}},"46":{"start":{"line":27,"column":17},"end":{"line":27,"column":57}}},"fnMap":{"0":{"name":"(anonymous_0)","decl":{"start":{"line":17,"column":0},"end":{"line":17,"column":12}},"loc":{"start":{"line":17,"column":27},"end":{"line":21,"column":1}}},"1":{"name":"(anonymous_1)","decl":{"start":{"line":23,"column":0},"end":{"line":23,"column":13}},"loc":{"start":{"line":23,"column":0},"end":{"line":126,"column":1}}},"2":{"name":"(anonymous_2)","decl":{"start":{"line":37,"column":1},"end":{"line":37,"column":16}},"loc":{"start":{"line":40,"column":38},"end":{"line":49,"column":2}}},"3":{"name":"(anonymous_3)","decl":{"start":{"line":51,"column":1},"end":{"line":51,"column":11}},"loc":{"start":{"line":51,"column":33},"end":{"line":59,"column":2}}},"4":{"name":"(anonymous_4)","decl":{"start":{"line":55,"column":3},"end":{"line":55,"column":4}},"loc":{"start":{"line":56,"column":4},"end":{"line":57,"column":36}}},"5":{"name":"(anonymous_5)","decl":{"start":{"line":61,"column":1},"end":{"line":61,"column":17}},"loc":{"start":{"line":61,"column":39},"end":{"line":70,"column":2}}},"6":{"name":"(anonymous_6)","decl":{"start":{"line":64,"column":9},"end":{"line":64,"column":12}},"loc":{"start":{"line":64,"column":14},"end":{"line":69,"column":12}}},"7":{"name":"(anonymous_7)","decl":{"start":{"line":66,"column":4},"end":{"line":66,"column":5}},"loc":{"start":{"line":67,"column":5},"end":{"line":68,"column":37}}},"8":{"name":"(anonymous_8)","decl":{"start":{"line":72,"column":1},"end":{"line":72,"column":7}},"loc":{"start":{"line":74,"column":30},"end":{"line":93,"column":2}}},"9":{"name":"(anonymous_9)","decl":{"start":{"line":95,"column":1},"end":{"line":95,"column":7}},"loc":{"start":{"line":97,"column":30},"end":{"line":110,"column":2}}},"10":{"name":"(anonymous_10)","decl":{"start":{"line":112,"column":1},"end":{"line":112,"column":7}},"loc":{"start":{"line":112,"column":59},"end":{"line":114,"column":2}}},"11":{"name":"(anonymous_11)","decl":{"start":{"line":116,"column":1},"end":{"line":116,"column":7}},"loc":{"start":{"line":116,"column":27},"end":{"line":119,"column":2}}},"12":{"name":"(anonymous_12)","decl":{"start":{"line":121,"column":1},"end":{"line":121,"column":7}},"loc":{"start":{"line":122,"column":38},"end":{"line":125,"column":2}}}},"branchMap":{"0":{"loc":{"start":{"line":17,"column":12},"end":{"line":17,"column":27}},"type":"binary-expr","locations":[{"start":{"line":17,"column":12},"end":{"line":17,"column":27}},{"start":{"line":17,"column":12},"end":{"line":17,"column":null}}]},"1":{"loc":{"start":{"line":40,"column":13},"end":{"line":40,"column":38}},"type":"default-arg","locations":[{"start":{"line":40,"column":13},"end":{"line":40,"column":38}}]},"2":{"loc":{"start":{"line":42,"column":2},"end":{"line":43,"column":40}},"type":"if","locations":[{"start":{"line":42,"column":2},"end":{"line":43,"column":40}},{"start":{"line":42,"column":2},"end":{"line":43,"column":40}}]},"3":{"loc":{"start":{"line":52,"column":2},"end":{"line":53,"column":36}},"type":"if","locations":[{"start":{"line":52,"column":2},"end":{"line":53,"column":36}},{"start":{"line":52,"column":2},"end":{"line":53,"column":36}}]},"4":{"loc":{"start":{"line":58,"column":3},"end":{"line":58,"column":5}},"type":"cond-expr","locations":[{"start":{"line":58,"column":3},"end":{"line":58,"column":5}},{"start":{"line":58,"column":3},"end":{"line":58,"column":10}}]},"5":{"loc":{"start":{"line":54,"column":9},"end":{"line":58,"column":5}},"type":"binary-expr","locations":[{"start":{"line":54,"column":9},"end":{"line":58,"column":5}},{"start":{"line":58,"column":3},"end":{"line":58,"column":5}}]},"6":{"loc":{"start":{"line":62,"column":2},"end":{"line":63,"column":36}},"type":"if","locations":[{"start":{"line":62,"column":2},"end":{"line":63,"column":36}},{"start":{"line":62,"column":2},"end":{"line":63,"column":36}}]},"7":{"loc":{"start":{"line":69,"column":4},"end":{"line":69,"column":6}},"type":"cond-expr","locations":[{"start":{"line":69,"column":4},"end":{"line":69,"column":6}},{"start":{"line":69,"column":4},"end":{"line":69,"column":11}}]},"8":{"loc":{"start":{"line":65,"column":3},"end":{"line":69,"column":6}},"type":"binary-expr","locations":[{"start":{"line":65,"column":3},"end":{"line":69,"column":6}},{"start":{"line":69,"column":4},"end":{"line":69,"column":6}}]},"9":{"loc":{"start":{"line":74,"column":28},"end":{"line":74,"column":30}},"type":"default-arg","locations":[{"start":{"line":74,"column":28},"end":{"line":74,"column":30}}]},"10":{"loc":{"start":{"line":78,"column":3},"end":{"line":78,"column":28}},"type":"if","locations":[{"start":{"line":78,"column":3},"end":{"line":78,"column":28}},{"start":{"line":78,"column":3},"end":{"line":78,"column":28}}]},"11":{"loc":{"start":{"line":80,"column":4},"end":{"line":84,"column":11}},"type":"switch","locations":[{"start":{"line":80,"column":4},"end":{"line":84,"column":11}},{"start":{"line":85,"column":4},"end":{"line":89,"column":11}}]},"12":{"loc":{"start":{"line":97,"column":28},"end":{"line":97,"column":30}},"type":"default-arg","locations":[{"start":{"line":97,"column":28},"end":{"line":97,"column":30}}]},"13":{"loc":{"start":{"line":104,"column":2},"end":{"line":108,"column":5}},"type":"if","locations":[{"start":{"line":104,"column":2},"end":{"line":108,"column":5}},{"start":{"line":104,"column":2},"end":{"line":108,"column":5}}]},"14":{"loc":{"start":{"line":117,"column":2},"end":{"line":117,"column":73}},"type":"if","locations":[{"start":{"line":117,"column":2},"end":{"line":117,"column":73}},{"start":{"line":117,"column":2},"end":{"line":117,"column":73}}]},"15":{"loc":{"start":{"line":124,"column":9},"end":{"line":124,"column":21}},"type":"cond-expr","locations":[{"start":{"line":124,"column":9},"end":{"line":124,"column":21}},{"start":{"line":124,"column":25},"end":{"line":124,"column":45}}]},"16":{"loc":{"start":{"line":124,"column":9},"end":{"line":124,"column":25}},"type":"binary-expr","locations":[{"start":{"line":124,"column":9},"end":{"line":124,"column":25}},{"start":{"line":124,"column":9},"end":{"line":124,"column":25}}]}},"s":{"0":5,"1":5,"2":5,"3":5,"4":5,"5":5,"6":5,"7":5,"8":5,"9":34,"10":34,"11":34,"12":27,"13":3,"14":24,"15":24,"16":22,"17":5,"18":17,"19":17,"20":2,"21":0,"22":2,"23":2,"24":2,"25":9,"26":9,"27":9,"28":0,"29":9,"30":7,"31":7,"32":2,"33":2,"34":9,"35":18,"36":18,"37":18,"38":9,"39":18,"40":10,"41":11,"42":1,"43":10,"44":20,"45":5,"46":5},"f":{"0":5,"1":34,"2":27,"3":22,"4":17,"5":2,"6":2,"7":2,"8":9,"9":18,"10":10,"11":11,"12":20},"b":{"0":[5,5],"1":[0],"2":[3,24],"3":[5,17],"4":[0,17],"5":[17,17],"6":[0,2],"7":[0,2],"8":[2,2],"9":[0],"10":[0,9],"11":[7,2],"12":[18],"13":[9,9],"14":[1,10],"15":[9,11],"16":[20,20]}}
,"/home/maciej/WebstormProjects/injectable-js/src/index.ts": {"path":"/home/maciej/WebstormProjects/injectable-js/src/index.ts","statementMap":{"0":{"start":{"line":1,"column":0},"end":{"line":1,"column":25}},"1":{"start":{"line":2,"column":0},"end":{"line":2,"column":28}},"2":{"start":{"line":3,"column":0},"end":{"line":3,"column":27}},"3":{"start":{"line":4,"column":0},"end":{"line":4,"column":28}},"4":{"start":{"line":5,"column":0},"end":{"line":5,"column":33}},"5":{"start":{"line":6,"column":0},"end":{"line":6,"column":23}}},"fnMap":{},"branchMap":{},"s":{"0":5,"1":5,"2":5,"3":5,"4":5,"5":5},"f":{},"b":{}}
,"/home/maciej/WebstormProjects/injectable-js/src/injectParameter.ts": {"path":"/home/maciej/WebstormProjects/injectable-js/src/injectParameter.ts","statementMap":{"0":{"start":{"line":1,"column":0},"end":{"line":1,"column":26}},"1":{"start":{"line":2,"column":0},"end":{"line":2,"column":42}},"2":{"start":{"line":3,"column":0},"end":{"line":3,"column":78}},"3":{"start":{"line":5,"column":0},"end":{"line":5,"column":48}},"4":{"start":{"line":12,"column":1},"end":{"line":25,"column":3}},"5":{"start":{"line":13,"column":2},"end":{"line":14,"column":62}},"6":{"start":{"line":14,"column":3},"end":{"line":14,"column":62}},"7":{"start":{"line":15,"column":21},"end":{"line":15,"column":48}},"8":{"start":{"line":17,"column":3},"end":{"line":17,"column":65}},"9":{"start":{"line":18,"column":2},"end":{"line":23,"column":5}},"10":{"start":{"line":24,"column":2},"end":{"line":24,"column":72}},"11":{"start":{"line":29,"column":1},"end":{"line":29,"column":71}},"12":{"start":{"line":28,"column":0},"end":{"line":28,"column":16}},"13":{"start":{"line":32,"column":0},"end":{"line":32,"column":null}},"14":{"start":{"line":34,"column":2},"end":{"line":34,"column":73}},"15":{"start":{"line":33,"column":17},"end":{"line":35,"column":null}},"16":{"start":{"line":38,"column":2},"end":{"line":42,"column":4}},"17":{"start":{"line":37,"column":17},"end":{"line":43,"column":null}},"18":{"start":{"line":45,"column":1},"end":{"line":45,"column":null}},"19":{"start":{"line":47,"column":3},"end":{"line":51,"column":5}},"20":{"start":{"line":46,"column":18},"end":{"line":52,"column":null}}},"fnMap":{"0":{"name":"createInjectDecorator","decl":{"start":{"line":7,"column":9},"end":{"line":7,"column":30}},"loc":{"start":{"line":10,"column":42},"end":{"line":26,"column":1}}},"1":{"name":"(anonymous_1)","decl":{"start":{"line":12,"column":8},"end":{"line":12,"column":18}},"loc":{"start":{"line":12,"column":74},"end":{"line":25,"column":2}}},"2":{"name":"inject","decl":{"start":{"line":28,"column":16},"end":{"line":28,"column":22}},"loc":{"start":{"line":28,"column":68},"end":{"line":30,"column":1}}},"3":{"name":"(anonymous_3)","decl":{"start":{"line":32,"column":0},"end":{"line":32,"column":17}},"loc":{"start":{"line":32,"column":23},"end":{"line":54,"column":1}}},"4":{"name":"getter","decl":{"start":{"line":33,"column":17},"end":{"line":33,"column":23}},"loc":{"start":{"line":33,"column":69},"end":{"line":35,"column":2}}},"5":{"name":"fromBindingKey","decl":{"start":{"line":37,"column":17},"end":{"line":37,"column":31}},"loc":{"start":{"line":37,"column":60},"end":{"line":43,"column":2}}},"6":{"name":"(anonymous_6)","decl":{"start":{"line":45,"column":1},"end":{"line":45,"column":18}},"loc":{"start":{"line":45,"column":32},"end":{"line":53,"column":2}}},"7":{"name":"getter","decl":{"start":{"line":46,"column":18},"end":{"line":46,"column":24}},"loc":{"start":{"line":46,"column":53},"end":{"line":52,"column":3}}}},"branchMap":{"0":{"loc":{"start":{"line":13,"column":2},"end":{"line":14,"column":62}},"type":"if","locations":[{"start":{"line":13,"column":2},"end":{"line":14,"column":62}},{"start":{"line":13,"column":2},"end":{"line":14,"column":62}}]},"1":{"loc":{"start":{"line":13,"column":6},"end":{"line":13,"column":34}},"type":"binary-expr","locations":[{"start":{"line":13,"column":6},"end":{"line":13,"column":34}},{"start":{"line":13,"column":38},"end":{"line":13,"column":63}}]},"2":{"loc":{"start":{"line":17,"column":59},"end":{"line":17,"column":63}},"type":"cond-expr","locations":[{"start":{"line":17,"column":59},"end":{"line":17,"column":63}},{"start":{"line":17,"column":63},"end":{"line":17,"column":65}}]},"3":{"loc":{"start":{"line":17,"column":3},"end":{"line":17,"column":63}},"type":"binary-expr","locations":[{"start":{"line":17,"column":3},"end":{"line":17,"column":63}},{"start":{"line":17,"column":59},"end":{"line":17,"column":63}}]},"4":{"loc":{"start":{"line":45,"column":18},"end":{"line":45,"column":32}},"type":"binary-expr","locations":[{"start":{"line":45,"column":18},"end":{"line":45,"column":32}},{"start":{"line":45,"column":18},"end":{"line":45,"column":null}}]},"5":{"loc":{"start":{"line":32,"column":17},"end":{"line":32,"column":23}},"type":"binary-expr","locations":[{"start":{"line":32,"column":17},"end":{"line":32,"column":23}},{"start":{"line":32,"column":17},"end":{"line":32,"column":null}}]}},"s":{"0":5,"1":5,"2":5,"3":5,"4":8,"5":8,"6":0,"7":8,"8":8,"9":8,"10":8,"11":2,"12":5,"13":5,"14":1,"15":5,"16":4,"17":5,"18":5,"19":1,"20":5},"f":{"0":8,"1":8,"2":2,"3":5,"4":1,"5":4,"6":5,"7":1},"b":{"0":[0,8],"1":[8,8],"2":[0,8],"3":[8,8],"4":[5,0],"5":[5,0]}}
,"/home/maciej/WebstormProjects/injectable-js/src/injectable.ts": {"path":"/home/maciej/WebstormProjects/injectable-js/src/injectable.ts","statementMap":{"0":{"start":{"line":2,"column":0},"end":{"line":2,"column":59}},"1":{"start":{"line":3,"column":0},"end":{"line":3,"column":61}},"2":{"start":{"line":11,"column":1},"end":{"line":18,"column":4}},"3":{"start":{"line":12,"column":2},"end":{"line":16,"column":4}},"4":{"start":{"line":13,"column":17},"end":{"line":13,"column":25}},"5":{"start":{"line":17,"column":2},"end":{"line":17,"column":18}},"6":{"start":{"line":6,"column":0},"end":{"line":6,"column":16}}},"fnMap":{"0":{"name":"injectable","decl":{"start":{"line":6,"column":16},"end":{"line":6,"column":26}},"loc":{"start":{"line":9,"column":42},"end":{"line":19,"column":1}}},"1":{"name":"(anonymous_1)","decl":{"start":{"line":11,"column":34},"end":{"line":11,"column":35}},"loc":{"start":{"line":11,"column":72},"end":{"line":18,"column":2}}},"2":{"name":"(anonymous_2)","decl":{"start":{"line":13,"column":11},"end":{"line":13,"column":14}},"loc":{"start":{"line":13,"column":17},"end":{"line":13,"column":25}}}},"branchMap":{"0":{"loc":{"start":{"line":7,"column":29},"end":{"line":7,"column":54}},"type":"default-arg","locations":[{"start":{"line":7,"column":29},"end":{"line":7,"column":54}}]},"1":{"loc":{"start":{"line":12,"column":48},"end":{"line":12,"column":50}},"type":"cond-expr","locations":[{"start":{"line":12,"column":48},"end":{"line":12,"column":50}},{"start":{"line":12,"column":48},"end":{"line":15,"column":null}}]},"2":{"loc":{"start":{"line":12,"column":2},"end":{"line":12,"column":50}},"type":"binary-expr","locations":[{"start":{"line":12,"column":2},"end":{"line":12,"column":50}},{"start":{"line":12,"column":48},"end":{"line":12,"column":50}}]},"3":{"loc":{"start":{"line":13,"column":3},"end":{"line":13,"column":6}},"type":"cond-expr","locations":[{"start":{"line":13,"column":3},"end":{"line":13,"column":6}},{"start":{"line":13,"column":11},"end":{"line":13,"column":25}}]},"4":{"loc":{"start":{"line":13,"column":3},"end":{"line":13,"column":10}},"type":"binary-expr","locations":[{"start":{"line":13,"column":3},"end":{"line":13,"column":10}},{"start":{"line":13,"column":3},"end":{"line":13,"column":10}}]}},"s":{"0":5,"1":5,"2":1,"3":1,"4":3,"5":1,"6":5},"f":{"0":1,"1":1,"2":3},"b":{"0":[1],"1":[0,1],"2":[1,1],"3":[0,1],"4":[1,1]}}
,"/home/maciej/WebstormProjects/injectable-js/src/types.ts": {"path":"/home/maciej/WebstormProjects/injectable-js/src/types.ts","statementMap":{"0":{"start":{"line":7,"column":0},"end":{"line":7,"column":null}},"1":{"start":{"line":8,"column":1},"end":{"line":8,"column":null}},"2":{"start":{"line":9,"column":1},"end":{"line":9,"column":null}}},"fnMap":{"0":{"name":"(anonymous_0)","decl":{"start":{"line":7,"column":0},"end":{"line":7,"column":12}},"loc":{"start":{"line":7,"column":34},"end":{"line":10,"column":1}}}},"branchMap":{"0":{"loc":{"start":{"line":7,"column":12},"end":{"line":7,"column":34}},"type":"binary-expr","locations":[{"start":{"line":7,"column":12},"end":{"line":7,"column":34}},{"start":{"line":7,"column":12},"end":{"line":7,"column":null}}]}},"s":{"0":5,"1":5,"2":5},"f":{"0":5},"b":{"0":[5,5]}}
}
