TN:
SF:src/binding.ts
FN:15,(anonymous_0)
FN:11,(anonymous_1)
FN:23,(anonymous_2)
FN:19,(anonymous_3)
FN:37,(anonymous_4)
FN:32,(anonymous_5)
FNF:6
FNH:6
FNDA:17,(anonymous_0)
FNDA:7,(anonymous_1)
FNDA:4,(anonymous_2)
FNDA:6,(anonymous_3)
FNDA:3,(anonymous_4)
FNDA:6,(anonymous_5)
DA:1,5
DA:10,5
DA:12,7
DA:15,17
DA:18,5
DA:20,6
DA:24,4
DA:25,4
DA:29,5
DA:33,6
DA:34,3
DA:38,3
DA:39,3
LF:13
LH:13
BRDA:33,0,0,3
BRDA:33,0,1,3
BRF:2
BRH:2
end_of_record
TN:
SF:src/bindingKey.ts
FN:6,(anonymous_0)
FN:12,(anonymous_1)
FN:16,(anonymous_2)
FN:20,(anonymous_3)
FN:28,(anonymous_4)
FNF:5
FNH:5
FNDA:8,(anonymous_0)
FNDA:6,(anonymous_1)
FNDA:2,(anonymous_2)
FNDA:4,(anonymous_3)
FNDA:113,(anonymous_4)
DA:2,5
DA:3,5
DA:5,5
DA:7,8
DA:8,8
DA:9,8
DA:13,6
DA:17,2
DA:21,4
DA:29,113
DA:30,11
DA:32,102
LF:12
LH:12
BRDA:17,0,0,0
BRDA:17,0,1,2
BRDA:17,1,0,2
BRDA:17,1,1,2
BRDA:21,2,0,0
BRDA:21,2,1,4
BRDA:21,3,0,4
BRDA:21,3,1,4
BRDA:29,4,0,11
BRDA:29,4,1,102
BRF:10
BRH:8
end_of_record
TN:
SF:src/container.ts
FN:17,(anonymous_0)
FN:23,(anonymous_1)
FN:37,(anonymous_2)
FN:51,(anonymous_3)
FN:55,(anonymous_4)
FN:61,(anonymous_5)
FN:64,(anonymous_6)
FN:66,(anonymous_7)
FN:72,(anonymous_8)
FN:95,(anonymous_9)
FN:112,(anonymous_10)
FN:116,(anonymous_11)
FN:121,(anonymous_12)
FNF:13
FNH:13
FNDA:5,(anonymous_0)
FNDA:34,(anonymous_1)
FNDA:27,(anonymous_2)
FNDA:22,(anonymous_3)
FNDA:17,(anonymous_4)
FNDA:2,(anonymous_5)
FNDA:2,(anonymous_6)
FNDA:2,(anonymous_7)
FNDA:9,(anonymous_8)
FNDA:18,(anonymous_9)
FNDA:10,(anonymous_10)
FNDA:11,(anonymous_11)
FNDA:20,(anonymous_12)
DA:1,5
DA:7,5
DA:13,5
DA:14,5
DA:15,5
DA:17,5
DA:18,5
DA:19,5
DA:20,5
DA:23,5
DA:25,34
DA:26,34
DA:27,5
DA:29,34
DA:42,27
DA:43,3
DA:45,24
DA:48,24
DA:52,22
DA:53,5
DA:54,17
DA:56,17
DA:62,2
DA:63,0
DA:64,2
DA:65,2
DA:67,2
DA:76,9
DA:77,9
DA:78,9
DA:79,9
DA:81,7
DA:84,7
DA:86,2
DA:89,2
DA:92,9
DA:99,18
DA:100,18
DA:104,18
DA:105,9
DA:109,18
DA:113,10
DA:117,11
DA:118,10
DA:124,20
LF:45
LH:44
BRDA:17,0,0,5
BRDA:17,0,1,5
BRDA:40,1,0,0
BRDA:42,2,0,3
BRDA:42,2,1,24
BRDA:52,3,0,5
BRDA:52,3,1,17
BRDA:58,4,0,0
BRDA:58,4,1,17
BRDA:54,5,0,17
BRDA:54,5,1,17
BRDA:62,6,0,0
BRDA:62,6,1,2
BRDA:69,7,0,0
BRDA:69,7,1,2
BRDA:65,8,0,2
BRDA:65,8,1,2
BRDA:74,9,0,0
BRDA:78,10,0,0
BRDA:78,10,1,9
BRDA:80,11,0,7
BRDA:80,11,1,2
BRDA:97,12,0,18
BRDA:104,13,0,9
BRDA:104,13,1,9
BRDA:117,14,0,1
BRDA:117,14,1,10
BRDA:124,15,0,9
BRDA:124,15,1,11
BRDA:124,16,0,20
BRDA:124,16,1,20
BRF:31
BRH:25
end_of_record
TN:
SF:src/index.ts
FNF:0
FNH:0
DA:1,5
DA:2,5
DA:3,5
DA:4,5
DA:5,5
DA:6,5
LF:6
LH:6
BRF:0
BRH:0
end_of_record
TN:
SF:src/injectParameter.ts
FN:7,createInjectDecorator
FN:12,(anonymous_1)
FN:28,inject
FN:32,(anonymous_3)
FN:33,getter
FN:37,fromBindingKey
FN:45,(anonymous_6)
FN:46,getter
FNF:8
FNH:8
FNDA:8,createInjectDecorator
FNDA:8,(anonymous_1)
FNDA:2,inject
FNDA:5,(anonymous_3)
FNDA:1,getter
FNDA:4,fromBindingKey
FNDA:5,(anonymous_6)
FNDA:1,getter
DA:1,5
DA:2,5
DA:3,5
DA:5,5
DA:12,8
DA:13,8
DA:14,0
DA:15,8
DA:17,8
DA:18,8
DA:24,8
DA:28,5
DA:29,2
DA:32,5
DA:33,5
DA:34,1
DA:37,5
DA:38,4
DA:45,5
DA:46,5
DA:47,1
LF:21
LH:20
BRDA:13,0,0,0
BRDA:13,0,1,8
BRDA:13,1,0,8
BRDA:13,1,1,8
BRDA:17,2,0,0
BRDA:17,2,1,8
BRDA:17,3,0,8
BRDA:17,3,1,8
BRDA:45,4,0,5
BRDA:45,4,1,0
BRDA:32,5,0,5
BRDA:32,5,1,0
BRF:12
BRH:8
end_of_record
TN:
SF:src/injectable.ts
FN:6,injectable
FN:11,(anonymous_1)
FN:13,(anonymous_2)
FNF:3
FNH:3
FNDA:1,injectable
FNDA:1,(anonymous_1)
FNDA:3,(anonymous_2)
DA:2,5
DA:3,5
DA:6,5
DA:11,1
DA:12,1
DA:13,3
DA:17,1
LF:7
LH:7
BRDA:7,0,0,1
BRDA:12,1,0,0
BRDA:12,1,1,1
BRDA:12,2,0,1
BRDA:12,2,1,1
BRDA:13,3,0,0
BRDA:13,3,1,1
BRDA:13,4,0,1
BRDA:13,4,1,1
BRF:9
BRH:7
end_of_record
TN:
SF:src/types.ts
FN:7,(anonymous_0)
FNF:1
FNH:1
FNDA:5,(anonymous_0)
DA:7,5
DA:8,5
DA:9,5
LF:3
LH:3
BRDA:7,0,0,5
BRDA:7,0,1,5
BRF:2
BRH:2
end_of_record
